<?xml version="1.0" encoding="UTF-8"?>
<!-- Generated by org.testng.reporters.JUnitXMLReporter -->
<testsuite ignored="0" hostname="Aritra-Len" failures="1" tests="4" name="Cucumber Test" time="65.853" errors="0" timestamp="2025-04-18T22:12:00 IST">
  <testcase classname="io.cucumber.testng.AbstractTestNGCucumberTests" name="runScenario" time="42.325"/>
  <testcase classname="io.cucumber.testng.AbstractTestNGCucumberTests" name="runScenario" time="8.819"/>
  <testcase classname="io.cucumber.testng.AbstractTestNGCucumberTests" name="runScenario" time="8.387"/>
  <testcase classname="io.cucumber.testng.AbstractTestNGCucumberTests" name="runScenario" time="5.976">
    <failure type="io.cucumber.java.PendingException" message="TODO: implement me">
      <![CDATA[io.cucumber.java.PendingException: TODO: implement me
at StepDefinition.searchFunctionality.user_enters_letters_in_the_search_box(searchFunctionality.java:182)
at ✽.User enters letters in the search box(file:///C:/Users/ARITRA%20DEY/eclipse-workspace/automationAmazon/src/test/java/features/SearchFunctionality.feature:25)
]]>
    </failure>
  </testcase> <!-- runScenario -->
</testsuite> <!-- Cucumber Test -->
