-------------------------------------------------------------------------------
Test set: TestSuite
-------------------------------------------------------------------------------
Tests run: 4, Failures: 2, Errors: 0, Skipped: 0, Time elapsed: 39.042 s <<< FAILURE! - in TestSuite
CucumberOptions.TestNGRunner.runScenario["Search for an item", "Search Funtionality on Amazon"](1)  Time elapsed: 18.467 s  <<< FAILURE!
org.openqa.selenium.NoSuchElementException: 
Unable to locate element: //span[contains(text(),'Your Brain on Porn: Internet Pornography and the Emerging Science of Addiction')]
For documentation on this error, please visit: https://www.selenium.dev/documentation/webdriver/troubleshooting/errors#no-such-element-exception
Build info: version: '4.29.0', revision: '5fc1ec94cb'
System info: os.name: 'Windows 11', os.arch: 'amd64', os.version: '10.0', java.version: '21.0.6'
Driver info: org.openqa.selenium.firefox.FirefoxDriver
Command: [301df007-22f6-4a6b-9b27-6b9ee6f31d98, findElement {using=xpath, value=//span[contains(text(),'Your Brain on Porn: Internet Pornography and the Emerging Science of Addiction')]}]
Capabilities {acceptInsecureCerts: true, browserName: firefox, browserVersion: 137.0.1, moz:accessibilityChecks: false, moz:buildID: 20250407111027, moz:geckodriverVersion: 0.36.0, moz:headless: false, moz:platformVersion: 10.0, moz:processID: 1844, moz:profile: C:\Users\ARITRA~1\AppData\L..., moz:shutdownTimeout: 60000, moz:webdriverClick: true, moz:windowless: false, pageLoadStrategy: normal, platformName: windows, proxy: Proxy(), setWindowRect: true, strictFileInteractability: false, timeouts: {implicit: 0, pageLoad: 300000, script: 30000}, unhandledPromptBehavior: dismiss and notify, userAgent: Mozilla/5.0 (Windows NT 10....}
Session ID: 301df007-22f6-4a6b-9b27-6b9ee6f31d98
	at java.base/jdk.internal.reflect.DirectConstructorHandleAccessor.newInstance(DirectConstructorHandleAccessor.java:62)
	at java.base/java.lang.reflect.Constructor.newInstanceWithCaller(Constructor.java:502)
	at java.base/java.lang.reflect.Constructor.newInstance(Constructor.java:486)
	at org.openqa.selenium.remote.ErrorCodec.decode(ErrorCodec.java:167)
	at org.openqa.selenium.remote.codec.w3c.W3CHttpResponseCodec.decode(W3CHttpResponseCodec.java:138)
	at org.openqa.selenium.remote.codec.w3c.W3CHttpResponseCodec.decode(W3CHttpResponseCodec.java:50)
	at org.openqa.selenium.remote.HttpCommandExecutor.execute(HttpCommandExecutor.java:215)
	at org.openqa.selenium.remote.service.DriverCommandExecutor.invokeExecute(DriverCommandExecutor.java:216)
	at org.openqa.selenium.remote.service.DriverCommandExecutor.execute(DriverCommandExecutor.java:174)
	at org.openqa.selenium.remote.RemoteWebDriver.execute(RemoteWebDriver.java:545)
	at org.openqa.selenium.remote.ElementLocation$ElementFinder$2.findElement(ElementLocation.java:165)
	at org.openqa.selenium.remote.ElementLocation.findElement(ElementLocation.java:59)
	at org.openqa.selenium.remote.RemoteWebDriver.findElement(RemoteWebDriver.java:368)
	at org.openqa.selenium.remote.RemoteWebDriver.findElement(RemoteWebDriver.java:362)
	at StepDefinition.searchFunctionality.user_applies_different_filters_and_narrows_down_the_search(searchFunctionality.java:49)
	at ✽.User applies different filters and narrows down the search(file:///C:/Users/ARITRA%20DEY/eclipse-workspace/automationAmazon/src/test/java/features/SearchFunctionality.feature:8)

CucumberOptions.TestNGRunner.runScenario["Search for an item and validates auto suggestion as you type", "Search Funtionality on Amazon"](4)  Time elapsed: 5.208 s  <<< FAILURE!
io.cucumber.java.PendingException: TODO: implement me
	at StepDefinition.searchFunctionality.user_enters_letters_in_the_search_box(searchFunctionality.java:102)
	at ✽.User enters letters in the search box(file:///C:/Users/ARITRA%20DEY/eclipse-workspace/automationAmazon/src/test/java/features/SearchFunctionality.feature:25)

