<?xml version="1.0" encoding="UTF-8"?>
<!-- Generated by org.testng.reporters.JUnitReportReporter -->
<testsuite hostname="Aritra-Len" failures="0" tests="4" name="CucumberOptions.TestNGRunner" time="65.507" errors="1" timestamp="2025-04-18T22:12:00 IST" skipped="0">
  <testcase classname="CucumberOptions.TestNGRunner" name="runScenario" time="42.325"/>
  <testcase classname="CucumberOptions.TestNGRunner" name="runScenario" time="8.387"/>
  <testcase classname="CucumberOptions.TestNGRunner" name="runScenario" time="5.976">
    <error message="TODO: implement me" type="io.cucumber.java.PendingException">
      <![CDATA[io.cucumber.java.PendingException: TODO: implement me
at StepDefinition.searchFunctionality.user_enters_letters_in_the_search_box(searchFunctionality.java:182)
at ✽.User enters letters in the search box(file:///C:/Users/ARITRA%20DEY/eclipse-workspace/automationAmazon/src/test/java/features/SearchFunctionality.feature:25)
]]>
    </error>
  </testcase> <!-- runScenario -->
  <testcase classname="CucumberOptions.TestNGRunner" name="runScenario" time="8.819"/>
</testsuite> <!-- CucumberOptions.TestNGRunner -->
