<?xml version="1.0" encoding="UTF-8"?>
<!-- Generated by org.testng.reporters.JUnitReportReporter -->
<testsuite hostname="Aritra-Len" failures="0" tests="4" name="CucumberOptions.TestNGRunner" time="30.210" errors="1" timestamp="2025-04-16T13:13:25 IST" skipped="0">
  <testcase classname="CucumberOptions.TestNGRunner" name="runScenario" time="5.234">
    <error message="TODO: implement me" type="io.cucumber.java.PendingException">
      <![CDATA[io.cucumber.java.PendingException: TODO: implement me
at StepDefinition.searchFunctionality.user_enters_letters_in_the_search_box(searchFunctionality.java:102)
at ✽.User enters letters in the search box(file:///C:/Users/ARITRA%20DEY/eclipse-workspace/automationAmazon/src/test/java/features/SearchFunctionality.feature:25)
]]>
    </error>
  </testcase> <!-- runScenario -->
  <testcase classname="CucumberOptions.TestNGRunner" name="runScenario" time="9.263"/>
  <testcase classname="CucumberOptions.TestNGRunner" name="runScenario" time="7.982"/>
  <testcase classname="CucumberOptions.TestNGRunner" name="runScenario" time="7.731"/>
</testsuite> <!-- CucumberOptions.TestNGRunner -->
